<?xml version="1.0" encoding="UTF-8"?>
<!-- Generated by org.testng.reporters.JUnitReportReporter -->
<testsuite hostname="at02sela01" name="org.funjala.automation.web.mach2.Runner" tests="2" failures="0" timestamp="24 Jan 2017 09:15:35 GMT" time="17.609" errors="0">
  <testcase name="feature" time="6.779" classname="org.funjala.automation.web.mach2.Runner"/>
  <testcase name="feature" time="10.830" classname="org.funjala.automation.web.mach2.Runner"/>
</testsuite> <!-- org.funjala.automation.web.mach2.Runner -->
