<?xml version="1.0" encoding="UTF-8"?>
<!-- Generated by org.testng.reporters.JUnitReportReporter -->
<testsuite hostname="windows-server0" name="org.fundacion.cucumber.login.login.loginRunner" tests="1" failures="0" timestamp="10 Jan 2017 08:25:27 GMT" time="17.720" errors="0">
  <testcase name="feature" time="17.720" classname="org.fundacion.cucumber.login.login.loginRunner"/>
</testsuite> <!-- org.fundacion.cucumber.login.login.loginRunner -->
