<?xml version="1.0" encoding="UTF-8"?>
<!-- Generated by org.testng.reporters.JUnitReportReporter -->
<testsuite hostname="windows-server0" name="org.fundacion.automation.steps.login.loginRunner" tests="1" failures="0" timestamp="10 Jan 2017 09:13:06 GMT" time="12.453" errors="0">
  <testcase name="feature" time="12.453" classname="org.fundacion.automation.steps.login.loginRunner"/>
</testsuite> <!-- org.fundacion.automation.steps.login.loginRunner -->
