<?xml version="1.0" encoding="UTF-8"?>
<!-- Generated by org.testng.reporters.JUnitReportReporter -->
<testsuite hostname="windows-server0" name="org.funjala.automation.web.pivotal.steps.login.loginRunner" tests="1" failures="0" timestamp="12 Jan 2017 13:58:03 GMT" time="15.098" errors="0">
  <testcase name="feature" time="15.098" classname="org.funjala.automation.web.pivotal.steps.login.loginRunner"/>
</testsuite> <!-- org.funjala.automation.web.pivotal.steps.login.loginRunner -->
