<?xml version="1.0" encoding="UTF-8"?>
<!-- Generated by org.testng.reporters.JUnitReportReporter -->
<testsuite hostname="at02sela01" name="org.funjala.automation.web.pivotal.Runner" tests="2" failures="0" timestamp="24 Jan 2017 09:15:12 GMT" time="161.921" errors="0">
  <testcase name="feature" time="139.521" classname="org.funjala.automation.web.pivotal.Runner"/>
  <testcase name="feature" time="22.400" classname="org.funjala.automation.web.pivotal.Runner"/>
</testsuite> <!-- org.funjala.automation.web.pivotal.Runner -->
