<?xml version="1.0" encoding="UTF-8"?>
<!-- Generated by org.testng.reporters.JUnitReportReporter -->
<testsuite hostname="windows-server0" name="org.funjala.automation.web.pivotal.steps.login.loginRunner" tests="1" failures="0" timestamp="11 Jan 2017 22:28:44 GMT" time="14.290" errors="0">
  <testcase name="feature" time="14.290" classname="org.funjala.automation.web.pivotal.steps.login.loginRunner"/>
</testsuite> <!-- org.funjala.automation.web.pivotal.steps.login.loginRunner -->
