<?xml version="1.0" encoding="UTF-8"?>
<!-- Generated by org.testng.reporters.JUnitReportReporter -->
<testsuite hostname="at02guvi01" name="org.funjala.automation.web.pivotal.steps.task.TaskFeatureRunner" tests="1" failures="0" timestamp="13 Jan 2017 02:12:54 GMT" time="64.901" errors="0">
  <testcase name="feature" time="64.901" classname="org.funjala.automation.web.pivotal.steps.task.TaskFeatureRunner"/>
</testsuite> <!-- org.funjala.automation.web.pivotal.steps.task.TaskFeatureRunner -->
